[0.000000] (-) TimerEvent: {}
[0.000088] (mecanum_robot) JobQueued: {'identifier': 'mecanum_robot', 'dependencies': OrderedDict()}
[0.000328] (mecanum_robot) JobStarted: {'identifier': 'mecanum_robot'}
[0.005705] (mecanum_robot) JobProgress: {'identifier': 'mecanum_robot', 'progress': 'cmake'}
[0.006111] (mecanum_robot) JobProgress: {'identifier': 'mecanum_robot', 'progress': 'build'}
[0.006547] (mecanum_robot) Command: {'cmd': ['/usr/bin/cmake', '--build', '/home/bd/Documents/Robot/agv_sim/build/mecanum_robot', '--', '-j16', '-l16'], 'cwd': '/home/bd/Documents/Robot/agv_sim/build/mecanum_robot', 'env': OrderedDict([('LESSOPEN', '| /usr/bin/lesspipe %s'), ('VSCODE_CWD', '/home/bd'), ('VSCODE_ESM_ENTRYPOINT', 'vs/workbench/api/node/extensionHostProcess'), ('USER', 'bd'), ('LC_TIME', 'de_DE.UTF-8'), ('VSCODE_NLS_CONFIG', '{"userLocale":"en-us","osLocale":"en-us","resolvedLanguage":"en","defaultMessagesFile":"/usr/share/cursor/resources/app/out/nls.messages.json","locale":"en-us","availableLanguages":{}}'), ('CCACHE_DIR', '/home/bd/.cache/ccache/'), ('VSCODE_HANDLES_UNCAUGHT_ERRORS', 'true'), ('XDG_SESSION_TYPE', 'x11'), ('SHLVL', '1'), ('LD_LIBRARY_PATH', '/usr/local/cuda/lib64:/usr/lib/x86_64-linux-gnu/gazebo-11/plugins:/opt/ros/humble/opt/rviz_ogre_vendor/lib:/opt/ros/humble/lib/x86_64-linux-gnu:/opt/ros/humble/lib:/usr/local/cuda/lib64:'), ('HOME', '/home/bd'), ('CHROME_DESKTOP', 'cursor.desktop'), ('OLDPWD', '/home/bd/Documents/Robot/agv_sim'), ('DESKTOP_SESSION', 'ubuntu'), ('VSCODE_IPC_HOOK', '/run/user/1000/vscode-f8418a3e-1.7.-main.sock'), ('GIO_LAUNCHED_DESKTOP_FILE', '/usr/share/applications/cursor-url-handler.desktop'), ('APPLICATION_INSIGHTS_NO_DIAGNOSTIC_CHANNEL', '1'), ('ROS_PYTHON_VERSION', '3'), ('GNOME_SHELL_SESSION_MODE', 'ubuntu'), ('GTK_MODULES', 'gail:atk-bridge'), ('LC_MONETARY', 'de_DE.UTF-8'), ('MANAGERPID', '2388'), ('DBUS_STARTER_BUS_TYPE', 'session'), ('SYSTEMD_EXEC_PID', '2812'), ('NO_COLOR', '1'), ('DBUS_SESSION_BUS_ADDRESS', 'unix:path=/run/user/1000/bus,guid=93a9466fd605b21bb873127b68eca5e3'), ('GIO_LAUNCHED_DESKTOP_FILE_PID', '24812'), ('VSCODE_CRASH_REPORTER_PROCESS_TYPE', 'extensionHost'), ('MANDATORY_PATH', '/usr/share/gconf/ubuntu.mandatory.path'), ('IM_CONFIG_PHASE', '1'), ('AIRFLOW_HOME', '/media/NAS/sd_nas_01/airflow/airflow_conf'), ('VSCODE_L10N_BUNDLE_LOCATION', ''), ('ROS_DISTRO', 'humble'), ('GTK_IM_MODULE', 'ibus'), ('LOGNAME', 'bd'), ('FORCE_COLOR', '0'), ('JOURNAL_STREAM', '8:17042'), ('_', '/usr/bin/colcon'), ('ROS_VERSION', '2'), ('XDG_SESSION_CLASS', 'user'), ('DEFAULTS_PATH', '/usr/share/gconf/ubuntu.default.path'), ('APPLICATIONINSIGHTS_CONFIGURATION_CONTENT', '{}'), ('USERNAME', 'bd'), ('TERM', 'dumb'), ('GNOME_DESKTOP_SESSION_ID', 'this-is-deprecated'), ('ROS_LOCALHOST_ONLY', '0'), ('COMPOSER_NO_INTERACTION', '1'), ('WINDOWPATH', '2'), ('PATH', '/home/bd/.local/bin:/usr/local/cuda/bin:/home/bd/Documents/airflow/airflow_env/bin:/home/bd/.local/bin:/opt/ros/humble/bin:/usr/local/cuda/bin:/home/bd/Documents/airflow/airflow_env/bin:/home/bd/.local/bin:/usr/local/sbin:/usr/local/bin:/usr/sbin:/usr/bin:/sbin:/bin:/usr/games:/usr/local/games:/snap/bin:/snap/bin'), ('SESSION_MANAGER', 'local/ld10038:@/tmp/.ICE-unix/2812,unix/ld10038:/tmp/.ICE-unix/2812'), ('INVOCATION_ID', 'b966aaedefb949268d70caf6ec0e00cf'), ('XDG_MENU_PREFIX', 'gnome-'), ('LC_ADDRESS', 'de_DE.UTF-8'), ('VSCODE_PROCESS_TITLE', 'extension-host  [1-1]'), ('XDG_RUNTIME_DIR', '/run/user/1000'), ('GDK_BACKEND', 'x11'), ('CURSOR_AGENT', '1'), ('DISPLAY', ':1'), ('SWIFTLY_BIN_DIR', '/home/bd/.local/bin'), ('LANG', 'en_US.UTF-8'), ('XDG_CURRENT_DESKTOP', 'Unity'), ('LC_TELEPHONE', 'de_DE.UTF-8'), ('XMODIFIERS', '@im=ibus'), ('XDG_SESSION_DESKTOP', 'ubuntu'), ('XAUTHORITY', '/run/user/1000/gdm/Xauthority'), ('LS_COLORS', ''), ('CURSOR_TRACE_ID', '6d6f7724825141148fe3c7cbe1777e18'), ('SSH_AGENT_LAUNCHER', 'gnome-keyring'), ('SSH_AUTH_SOCK', '/run/user/1000/keyring/ssh'), ('ROS_DOMAIN_ID', '1'), ('AMENT_PREFIX_PATH', '/opt/ros/humble'), ('SWIFTLY_HOME_DIR', '/home/bd/.local/share/swiftly'), ('ORIGINAL_XDG_CURRENT_DESKTOP', 'ubuntu:GNOME'), ('SHELL', '/bin/bash'), ('LC_NAME', 'de_DE.UTF-8'), ('VSCODE_DOTNET_INSTALL_TOOL_ORIGINAL_HOME', '/home/bd'), ('QT_ACCESSIBILITY', '1'), ('CXX', '/usr/lib/ccache/g++'), ('GDMSESSION', 'ubuntu'), ('LESSCLOSE', '/usr/bin/lesspipe %s %s'), ('LC_MEASUREMENT', 'de_DE.UTF-8'), ('GPG_AGENT_INFO', '/run/user/1000/gnupg/S.gpg-agent:0:1'), ('LC_IDENTIFICATION', 'de_DE.UTF-8'), ('QT_IM_MODULE', 'ibus'), ('PWD', '/home/bd/Documents/Robot/agv_sim/build/mecanum_robot'), ('TURTLEBOT3_MODEL', 'waffle'), ('LC_ALL', 'en_US.UTF-8'), ('XDG_CONFIG_DIRS', '/etc/xdg/xdg-ubuntu:/etc/xdg'), ('VSCODE_CODE_CACHE_PATH', '/home/bd/.config/Cursor/CachedData/34881053400013f38e2354f1479c88c9067039a0'), ('PYLON_ROOT', '/opt/pylon'), ('DBUS_STARTER_ADDRESS', 'unix:path=/run/user/1000/bus,guid=93a9466fd605b21bb873127b68eca5e3'), ('XDG_DATA_DIRS', '/usr/share/ubuntu:/usr/share/gnome:/usr/local/share/:/usr/share/:/var/lib/snapd/desktop'), ('PYTHONPATH', '/opt/ros/humble/lib/python3.10/site-packages:/opt/ros/humble/local/lib/python3.10/dist-packages'), ('LC_NUMERIC', 'de_DE.UTF-8'), ('LC_PAPER', 'de_DE.UTF-8'), ('CC', '/usr/lib/ccache/gcc'), ('COLCON', '1'), ('GENICAM_GENTL64_PATH', ':/opt/pylon/lib/gentlproducer/gtl:/opt/pylon/lib/pylonCXP/bin/:/opt/pylon/lib/gentlproducer/gtl:/opt/pylon/lib/pylonCXP/bin/:/opt/pylon/lib/gentlproducer/gtl:/opt/pylon/lib/pylonCXP/bin/'), ('VSCODE_PID', '24812'), ('CMAKE_PREFIX_PATH', '/opt/ros/humble')]), 'shell': False}
[0.032655] (mecanum_robot) StdoutLine: {'line': b'-- Found ament_cmake: 1.3.11 (/opt/ros/humble/share/ament_cmake/cmake)\n'}
[0.099848] (-) TimerEvent: {}
[0.142295] (mecanum_robot) StdoutLine: {'line': b'-- Found rclpy: 3.3.15 (/opt/ros/humble/share/rclpy/cmake)\n'}
[0.142575] (mecanum_robot) StdoutLine: {'line': b'-- Found geometry_msgs: 4.9.0 (/opt/ros/humble/share/geometry_msgs/cmake)\n'}
[0.182255] (mecanum_robot) StdoutLine: {'line': b'-- Found rosidl_generator_c: 3.1.6 (/opt/ros/humble/share/rosidl_generator_c/cmake)\n'}
[0.184034] (mecanum_robot) StdoutLine: {'line': b'-- Found rosidl_adapter: 3.1.6 (/opt/ros/humble/share/rosidl_adapter/cmake)\n'}
[0.187775] (mecanum_robot) StdoutLine: {'line': b'-- Found rosidl_generator_cpp: 3.1.6 (/opt/ros/humble/share/rosidl_generator_cpp/cmake)\n'}
[0.193828] (mecanum_robot) StdoutLine: {'line': b'-- Using all available rosidl_typesupport_c: rosidl_typesupport_fastrtps_c;rosidl_typesupport_introspection_c\n'}
[0.200021] (-) TimerEvent: {}
[0.201388] (mecanum_robot) StdoutLine: {'line': b'-- Using all available rosidl_typesupport_cpp: rosidl_typesupport_fastrtps_cpp;rosidl_typesupport_introspection_cpp\n'}
[0.225456] (mecanum_robot) StdoutLine: {'line': b'-- Found sensor_msgs: 4.9.0 (/opt/ros/humble/share/sensor_msgs/cmake)\n'}
[0.235988] (mecanum_robot) StdoutLine: {'line': b'-- Found nav_msgs: 4.9.0 (/opt/ros/humble/share/nav_msgs/cmake)\n'}
[0.245981] (mecanum_robot) StdoutLine: {'line': b'-- Found tf2_ros: 0.25.12 (/opt/ros/humble/share/tf2_ros/cmake)\n'}
[0.275171] (mecanum_robot) StdoutLine: {'line': b'-- Found rmw_implementation_cmake: 6.1.2 (/opt/ros/humble/share/rmw_implementation_cmake/cmake)\n'}
[0.275853] (mecanum_robot) StdoutLine: {'line': b'-- Found rmw_fastrtps_cpp: 6.2.7 (/opt/ros/humble/share/rmw_fastrtps_cpp/cmake)\n'}
[0.300131] (-) TimerEvent: {}
[0.347877] (mecanum_robot) StdoutLine: {'line': b"-- Using RMW implementation 'rmw_fastrtps_cpp' as default\n"}
[0.400274] (-) TimerEvent: {}
[0.413511] (mecanum_robot) StdoutLine: {'line': b'-- Found tf2_geometry_msgs: 0.25.12 (/opt/ros/humble/share/tf2_geometry_msgs/cmake)\n'}
[0.415555] (mecanum_robot) StdoutLine: {'line': b'-- Found eigen3_cmake_module: 0.1.1 (/opt/ros/humble/share/eigen3_cmake_module/cmake)\n'}
[0.416447] (mecanum_robot) StdoutLine: {'line': b'-- Ensuring Eigen3 include directory is part of orocos-kdl CMake target\n'}
[0.477388] (mecanum_robot) StdoutLine: {'line': b'-- Found ament_lint_auto: 0.12.11 (/opt/ros/humble/share/ament_lint_auto/cmake)\n'}
[0.500377] (-) TimerEvent: {}
[0.542496] (mecanum_robot) StdoutLine: {'line': b"-- Added test 'copyright' to check source files copyright and LICENSE\n"}
[0.551960] (mecanum_robot) StdoutLine: {'line': b"-- Added test 'cppcheck' to perform static code analysis on C / C++ code\n"}
[0.552155] (mecanum_robot) StdoutLine: {'line': b'-- Configured cppcheck include dirs: \n'}
[0.552223] (mecanum_robot) StdoutLine: {'line': b'-- Configured cppcheck exclude dirs and/or files: \n'}
[0.561199] (mecanum_robot) StdoutLine: {'line': b"-- Added test 'cpplint' to check C / C++ code against the Google style\n"}
[0.561470] (mecanum_robot) StdoutLine: {'line': b'-- Configured cpplint exclude dirs and/or files: \n'}
[0.562430] (mecanum_robot) StdoutLine: {'line': b"-- Added test 'flake8' to check Python code syntax and style conventions\n"}
[0.564948] (mecanum_robot) StdoutLine: {'line': b"-- Added test 'lint_cmake' to check CMake code style\n"}
[0.566379] (mecanum_robot) StdoutLine: {'line': b"-- Added test 'pep257' to check Python code against some of the docstring style conventions in PEP 257\n"}
[0.575201] (mecanum_robot) StdoutLine: {'line': b"-- Added test 'uncrustify' to check C / C++ code style\n"}
[0.575349] (mecanum_robot) StdoutLine: {'line': b'-- Configured uncrustify additional arguments: \n'}
[0.576589] (mecanum_robot) StdoutLine: {'line': b"-- Added test 'xmllint' to check XML markup files\n"}
[0.577089] (mecanum_robot) StdoutLine: {'line': b'-- Configuring done\n'}
[0.580911] (mecanum_robot) StdoutLine: {'line': b'-- Generating done\n'}
[0.583269] (mecanum_robot) StdoutLine: {'line': b'-- Build files have been written to: /home/bd/Documents/Robot/agv_sim/build/mecanum_robot\n'}
[0.600474] (-) TimerEvent: {}
[0.619044] (mecanum_robot) StdoutLine: {'line': b'Built target ament_cmake_python_copy_mecanum_robot\n'}
[0.700580] (-) TimerEvent: {}
[0.800805] (-) TimerEvent: {}
[0.824083] (mecanum_robot) StdoutLine: {'line': b'running egg_info\n'}
[0.838278] (mecanum_robot) StdoutLine: {'line': b'writing mecanum_robot.egg-info/PKG-INFO\n'}
[0.838693] (mecanum_robot) StdoutLine: {'line': b'writing dependency_links to mecanum_robot.egg-info/dependency_links.txt\n'}
[0.838962] (mecanum_robot) StdoutLine: {'line': b'writing top-level names to mecanum_robot.egg-info/top_level.txt\n'}
[0.900889] (-) TimerEvent: {}
[0.909087] (mecanum_robot) StderrLine: {'line': b'[10/13/25 16:18:42] ERROR    listing git files failed - pretending     git.py:26\n'}
[0.909419] (mecanum_robot) StderrLine: {'line': b"                             there aren't any                                   \n"}
[0.989442] (mecanum_robot) StdoutLine: {'line': b"reading manifest file 'mecanum_robot.egg-info/SOURCES.txt'\n"}
[0.990122] (mecanum_robot) StdoutLine: {'line': b"writing manifest file 'mecanum_robot.egg-info/SOURCES.txt'\n"}
[1.000977] (-) TimerEvent: {}
[1.020469] (mecanum_robot) StdoutLine: {'line': b'Built target ament_cmake_python_build_mecanum_robot_egg\n'}
[1.029690] (mecanum_robot) CommandEnded: {'returncode': 0}
[1.031070] (mecanum_robot) JobProgress: {'identifier': 'mecanum_robot', 'progress': 'install'}
[1.038326] (mecanum_robot) Command: {'cmd': ['/usr/bin/cmake', '--install', '/home/bd/Documents/Robot/agv_sim/build/mecanum_robot'], 'cwd': '/home/bd/Documents/Robot/agv_sim/build/mecanum_robot', 'env': OrderedDict([('LESSOPEN', '| /usr/bin/lesspipe %s'), ('VSCODE_CWD', '/home/bd'), ('VSCODE_ESM_ENTRYPOINT', 'vs/workbench/api/node/extensionHostProcess'), ('USER', 'bd'), ('LC_TIME', 'de_DE.UTF-8'), ('VSCODE_NLS_CONFIG', '{"userLocale":"en-us","osLocale":"en-us","resolvedLanguage":"en","defaultMessagesFile":"/usr/share/cursor/resources/app/out/nls.messages.json","locale":"en-us","availableLanguages":{}}'), ('CCACHE_DIR', '/home/bd/.cache/ccache/'), ('VSCODE_HANDLES_UNCAUGHT_ERRORS', 'true'), ('XDG_SESSION_TYPE', 'x11'), ('SHLVL', '1'), ('LD_LIBRARY_PATH', '/usr/local/cuda/lib64:/usr/lib/x86_64-linux-gnu/gazebo-11/plugins:/opt/ros/humble/opt/rviz_ogre_vendor/lib:/opt/ros/humble/lib/x86_64-linux-gnu:/opt/ros/humble/lib:/usr/local/cuda/lib64:'), ('HOME', '/home/bd'), ('CHROME_DESKTOP', 'cursor.desktop'), ('OLDPWD', '/home/bd/Documents/Robot/agv_sim'), ('DESKTOP_SESSION', 'ubuntu'), ('VSCODE_IPC_HOOK', '/run/user/1000/vscode-f8418a3e-1.7.-main.sock'), ('GIO_LAUNCHED_DESKTOP_FILE', '/usr/share/applications/cursor-url-handler.desktop'), ('APPLICATION_INSIGHTS_NO_DIAGNOSTIC_CHANNEL', '1'), ('ROS_PYTHON_VERSION', '3'), ('GNOME_SHELL_SESSION_MODE', 'ubuntu'), ('GTK_MODULES', 'gail:atk-bridge'), ('LC_MONETARY', 'de_DE.UTF-8'), ('MANAGERPID', '2388'), ('DBUS_STARTER_BUS_TYPE', 'session'), ('SYSTEMD_EXEC_PID', '2812'), ('NO_COLOR', '1'), ('DBUS_SESSION_BUS_ADDRESS', 'unix:path=/run/user/1000/bus,guid=93a9466fd605b21bb873127b68eca5e3'), ('GIO_LAUNCHED_DESKTOP_FILE_PID', '24812'), ('VSCODE_CRASH_REPORTER_PROCESS_TYPE', 'extensionHost'), ('MANDATORY_PATH', '/usr/share/gconf/ubuntu.mandatory.path'), ('IM_CONFIG_PHASE', '1'), ('AIRFLOW_HOME', '/media/NAS/sd_nas_01/airflow/airflow_conf'), ('VSCODE_L10N_BUNDLE_LOCATION', ''), ('ROS_DISTRO', 'humble'), ('GTK_IM_MODULE', 'ibus'), ('LOGNAME', 'bd'), ('FORCE_COLOR', '0'), ('JOURNAL_STREAM', '8:17042'), ('_', '/usr/bin/colcon'), ('ROS_VERSION', '2'), ('XDG_SESSION_CLASS', 'user'), ('DEFAULTS_PATH', '/usr/share/gconf/ubuntu.default.path'), ('APPLICATIONINSIGHTS_CONFIGURATION_CONTENT', '{}'), ('USERNAME', 'bd'), ('TERM', 'dumb'), ('GNOME_DESKTOP_SESSION_ID', 'this-is-deprecated'), ('ROS_LOCALHOST_ONLY', '0'), ('COMPOSER_NO_INTERACTION', '1'), ('WINDOWPATH', '2'), ('PATH', '/home/bd/.local/bin:/usr/local/cuda/bin:/home/bd/Documents/airflow/airflow_env/bin:/home/bd/.local/bin:/opt/ros/humble/bin:/usr/local/cuda/bin:/home/bd/Documents/airflow/airflow_env/bin:/home/bd/.local/bin:/usr/local/sbin:/usr/local/bin:/usr/sbin:/usr/bin:/sbin:/bin:/usr/games:/usr/local/games:/snap/bin:/snap/bin'), ('SESSION_MANAGER', 'local/ld10038:@/tmp/.ICE-unix/2812,unix/ld10038:/tmp/.ICE-unix/2812'), ('INVOCATION_ID', 'b966aaedefb949268d70caf6ec0e00cf'), ('XDG_MENU_PREFIX', 'gnome-'), ('LC_ADDRESS', 'de_DE.UTF-8'), ('VSCODE_PROCESS_TITLE', 'extension-host  [1-1]'), ('XDG_RUNTIME_DIR', '/run/user/1000'), ('GDK_BACKEND', 'x11'), ('CURSOR_AGENT', '1'), ('DISPLAY', ':1'), ('SWIFTLY_BIN_DIR', '/home/bd/.local/bin'), ('LANG', 'en_US.UTF-8'), ('XDG_CURRENT_DESKTOP', 'Unity'), ('LC_TELEPHONE', 'de_DE.UTF-8'), ('XMODIFIERS', '@im=ibus'), ('XDG_SESSION_DESKTOP', 'ubuntu'), ('XAUTHORITY', '/run/user/1000/gdm/Xauthority'), ('LS_COLORS', ''), ('CURSOR_TRACE_ID', '6d6f7724825141148fe3c7cbe1777e18'), ('SSH_AGENT_LAUNCHER', 'gnome-keyring'), ('SSH_AUTH_SOCK', '/run/user/1000/keyring/ssh'), ('ROS_DOMAIN_ID', '1'), ('AMENT_PREFIX_PATH', '/opt/ros/humble'), ('SWIFTLY_HOME_DIR', '/home/bd/.local/share/swiftly'), ('ORIGINAL_XDG_CURRENT_DESKTOP', 'ubuntu:GNOME'), ('SHELL', '/bin/bash'), ('LC_NAME', 'de_DE.UTF-8'), ('VSCODE_DOTNET_INSTALL_TOOL_ORIGINAL_HOME', '/home/bd'), ('QT_ACCESSIBILITY', '1'), ('CXX', '/usr/lib/ccache/g++'), ('GDMSESSION', 'ubuntu'), ('LESSCLOSE', '/usr/bin/lesspipe %s %s'), ('LC_MEASUREMENT', 'de_DE.UTF-8'), ('GPG_AGENT_INFO', '/run/user/1000/gnupg/S.gpg-agent:0:1'), ('LC_IDENTIFICATION', 'de_DE.UTF-8'), ('QT_IM_MODULE', 'ibus'), ('PWD', '/home/bd/Documents/Robot/agv_sim/build/mecanum_robot'), ('TURTLEBOT3_MODEL', 'waffle'), ('LC_ALL', 'en_US.UTF-8'), ('XDG_CONFIG_DIRS', '/etc/xdg/xdg-ubuntu:/etc/xdg'), ('VSCODE_CODE_CACHE_PATH', '/home/bd/.config/Cursor/CachedData/34881053400013f38e2354f1479c88c9067039a0'), ('PYLON_ROOT', '/opt/pylon'), ('DBUS_STARTER_ADDRESS', 'unix:path=/run/user/1000/bus,guid=93a9466fd605b21bb873127b68eca5e3'), ('XDG_DATA_DIRS', '/usr/share/ubuntu:/usr/share/gnome:/usr/local/share/:/usr/share/:/var/lib/snapd/desktop'), ('PYTHONPATH', '/opt/ros/humble/lib/python3.10/site-packages:/opt/ros/humble/local/lib/python3.10/dist-packages'), ('LC_NUMERIC', 'de_DE.UTF-8'), ('LC_PAPER', 'de_DE.UTF-8'), ('CC', '/usr/lib/ccache/gcc'), ('COLCON', '1'), ('GENICAM_GENTL64_PATH', ':/opt/pylon/lib/gentlproducer/gtl:/opt/pylon/lib/pylonCXP/bin/:/opt/pylon/lib/gentlproducer/gtl:/opt/pylon/lib/pylonCXP/bin/:/opt/pylon/lib/gentlproducer/gtl:/opt/pylon/lib/pylonCXP/bin/'), ('VSCODE_PID', '24812'), ('CMAKE_PREFIX_PATH', '/opt/ros/humble')]), 'shell': False}
[1.043567] (mecanum_robot) StdoutLine: {'line': b'-- Install configuration: ""\n'}
[1.043742] (mecanum_robot) StdoutLine: {'line': b'-- Up-to-date: /home/bd/Documents/Robot/agv_sim/install/mecanum_robot/share/mecanum_robot/environment/pythonpath.sh\n'}
[1.043960] (mecanum_robot) StdoutLine: {'line': b'-- Installing: /home/bd/Documents/Robot/agv_sim/install/mecanum_robot/share/mecanum_robot/environment/pythonpath.dsv\n'}
[1.044146] (mecanum_robot) StdoutLine: {'line': b'-- Up-to-date: /home/bd/Documents/Robot/agv_sim/install/mecanum_robot/lib/python3.10/site-packages/mecanum_robot-1.0.0-py3.10.egg-info\n'}
[1.044278] (mecanum_robot) StdoutLine: {'line': b'-- Installing: /home/bd/Documents/Robot/agv_sim/install/mecanum_robot/lib/python3.10/site-packages/mecanum_robot-1.0.0-py3.10.egg-info/top_level.txt\n'}
[1.044463] (mecanum_robot) StdoutLine: {'line': b'-- Installing: /home/bd/Documents/Robot/agv_sim/install/mecanum_robot/lib/python3.10/site-packages/mecanum_robot-1.0.0-py3.10.egg-info/dependency_links.txt\n'}
[1.044571] (mecanum_robot) StdoutLine: {'line': b'-- Installing: /home/bd/Documents/Robot/agv_sim/install/mecanum_robot/lib/python3.10/site-packages/mecanum_robot-1.0.0-py3.10.egg-info/PKG-INFO\n'}
[1.044688] (mecanum_robot) StdoutLine: {'line': b'-- Installing: /home/bd/Documents/Robot/agv_sim/install/mecanum_robot/lib/python3.10/site-packages/mecanum_robot-1.0.0-py3.10.egg-info/SOURCES.txt\n'}
[1.044792] (mecanum_robot) StdoutLine: {'line': b'-- Up-to-date: /home/bd/Documents/Robot/agv_sim/install/mecanum_robot/lib/python3.10/site-packages/mecanum_robot\n'}
[1.044894] (mecanum_robot) StdoutLine: {'line': b'-- Up-to-date: /home/bd/Documents/Robot/agv_sim/install/mecanum_robot/lib/python3.10/site-packages/mecanum_robot/__init__.py\n'}
[1.067049] (mecanum_robot) StdoutLine: {'line': b"Listing '/home/bd/Documents/Robot/agv_sim/install/mecanum_robot/lib/python3.10/site-packages/mecanum_robot'...\n"}
[1.070507] (mecanum_robot) StdoutLine: {'line': b'-- Up-to-date: /home/bd/Documents/Robot/agv_sim/install/mecanum_robot/lib/mecanum_robot/robot_node.py\n'}
[1.071285] (mecanum_robot) StdoutLine: {'line': b'-- Up-to-date: /home/bd/Documents/Robot/agv_sim/install/mecanum_robot/lib/mecanum_robot/remote_control.py\n'}
[1.071466] (mecanum_robot) StdoutLine: {'line': b'-- Up-to-date: /home/bd/Documents/Robot/agv_sim/install/mecanum_robot/lib/mecanum_robot/path_publisher.py\n'}
[1.071625] (mecanum_robot) StdoutLine: {'line': b'-- Up-to-date: /home/bd/Documents/Robot/agv_sim/install/mecanum_robot/lib/mecanum_robot/camera_node_fixed.py\n'}
[1.071783] (mecanum_robot) StdoutLine: {'line': b'-- Up-to-date: /home/bd/Documents/Robot/agv_sim/install/mecanum_robot/lib/mecanum_robot/apriltag_detector_enhanced.py\n'}
[1.071939] (mecanum_robot) StdoutLine: {'line': b'-- Up-to-date: /home/bd/Documents/Robot/agv_sim/install/mecanum_robot/lib/mecanum_robot/position_calculator.py\n'}
[1.072119] (mecanum_robot) StdoutLine: {'line': b'-- Up-to-date: /home/bd/Documents/Robot/agv_sim/install/mecanum_robot/lib/mecanum_robot/image_viewer.py\n'}
[1.072215] (mecanum_robot) StdoutLine: {'line': b'-- Up-to-date: /home/bd/Documents/Robot/agv_sim/install/mecanum_robot/lib/mecanum_robot/waypoint_follower.py\n'}
[1.072314] (mecanum_robot) StdoutLine: {'line': b'-- Up-to-date: /home/bd/Documents/Robot/agv_sim/install/mecanum_robot/lib/mecanum_robot/waypoint_recorder.py\n'}
[1.072413] (mecanum_robot) StdoutLine: {'line': b'-- Up-to-date: /home/bd/Documents/Robot/agv_sim/install/mecanum_robot/lib/mecanum_robot/ros2_websocket_bridge.py\n'}
[1.072508] (mecanum_robot) StdoutLine: {'line': b'-- Up-to-date: /home/bd/Documents/Robot/agv_sim/install/mecanum_robot/share/mecanum_robot//launch\n'}
[1.072610] (mecanum_robot) StdoutLine: {'line': b'-- Up-to-date: /home/bd/Documents/Robot/agv_sim/install/mecanum_robot/share/mecanum_robot//launch/mecanum_robot_clean.launch.py\n'}
[1.072715] (mecanum_robot) StdoutLine: {'line': b'-- Up-to-date: /home/bd/Documents/Robot/agv_sim/install/mecanum_robot/share/mecanum_robot//launch/apriltag_robot.launch.py\n'}
[1.072816] (mecanum_robot) StdoutLine: {'line': b'-- Up-to-date: /home/bd/Documents/Robot/agv_sim/install/mecanum_robot/share/mecanum_robot//launch/apriltag_robot_fixed.launch.py\n'}
[1.072925] (mecanum_robot) StdoutLine: {'line': b'-- Installing: /home/bd/Documents/Robot/agv_sim/install/mecanum_robot/share/mecanum_robot//launch/nav2_with_obstacles.launch.py\n'}
[1.073102] (mecanum_robot) StdoutLine: {'line': b'-- Up-to-date: /home/bd/Documents/Robot/agv_sim/install/mecanum_robot/share/mecanum_robot//launch/mecanum_robot.launch.py\n'}
[1.073272] (mecanum_robot) StdoutLine: {'line': b'-- Up-to-date: /home/bd/Documents/Robot/agv_sim/install/mecanum_robot/share/mecanum_robot//urdf\n'}
[1.073378] (mecanum_robot) StdoutLine: {'line': b'-- Up-to-date: /home/bd/Documents/Robot/agv_sim/install/mecanum_robot/share/mecanum_robot//urdf/mecanum_robot.urdf\n'}
[1.073479] (mecanum_robot) StdoutLine: {'line': b'-- Up-to-date: /home/bd/Documents/Robot/agv_sim/install/mecanum_robot/share/mecanum_robot//rviz\n'}
[1.073581] (mecanum_robot) StdoutLine: {'line': b'-- Up-to-date: /home/bd/Documents/Robot/agv_sim/install/mecanum_robot/share/mecanum_robot//rviz/mecanum_robot.rviz\n'}
[1.074020] (mecanum_robot) StdoutLine: {'line': b'-- Installing: /home/bd/Documents/Robot/agv_sim/install/mecanum_robot/share/mecanum_robot//rviz/nav2_with_obstacles.rviz\n'}
[1.074345] (mecanum_robot) StdoutLine: {'line': b'-- Up-to-date: /home/bd/Documents/Robot/agv_sim/install/mecanum_robot/share/mecanum_robot//rviz/mecanum_robot_path.rviz\n'}
[1.074533] (mecanum_robot) StdoutLine: {'line': b'-- Up-to-date: /home/bd/Documents/Robot/agv_sim/install/mecanum_robot/share/mecanum_robot//rviz/map_display.rviz\n'}
[1.074879] (mecanum_robot) StdoutLine: {'line': b'-- Up-to-date: /home/bd/Documents/Robot/agv_sim/install/mecanum_robot/share/mecanum_robot//rviz/simple_path.rviz\n'}
[1.075174] (mecanum_robot) StdoutLine: {'line': b'-- Up-to-date: /home/bd/Documents/Robot/agv_sim/install/mecanum_robot/share/mecanum_robot//config\n'}
[1.075323] (mecanum_robot) StdoutLine: {'line': b'-- Installing: /home/bd/Documents/Robot/agv_sim/install/mecanum_robot/share/mecanum_robot//config/nav2_params.yaml\n'}
[1.075481] (mecanum_robot) StdoutLine: {'line': b'-- Up-to-date: /home/bd/Documents/Robot/agv_sim/install/mecanum_robot/share/ament_index/resource_index/package_run_dependencies/mecanum_robot\n'}
[1.075838] (mecanum_robot) StdoutLine: {'line': b'-- Up-to-date: /home/bd/Documents/Robot/agv_sim/install/mecanum_robot/share/ament_index/resource_index/parent_prefix_path/mecanum_robot\n'}
[1.075997] (mecanum_robot) StdoutLine: {'line': b'-- Up-to-date: /home/bd/Documents/Robot/agv_sim/install/mecanum_robot/share/mecanum_robot/environment/ament_prefix_path.sh\n'}
[1.076168] (mecanum_robot) StdoutLine: {'line': b'-- Installing: /home/bd/Documents/Robot/agv_sim/install/mecanum_robot/share/mecanum_robot/environment/ament_prefix_path.dsv\n'}
[1.076425] (mecanum_robot) StdoutLine: {'line': b'-- Up-to-date: /home/bd/Documents/Robot/agv_sim/install/mecanum_robot/share/mecanum_robot/environment/path.sh\n'}
[1.076634] (mecanum_robot) StdoutLine: {'line': b'-- Installing: /home/bd/Documents/Robot/agv_sim/install/mecanum_robot/share/mecanum_robot/environment/path.dsv\n'}
[1.077152] (mecanum_robot) StdoutLine: {'line': b'-- Up-to-date: /home/bd/Documents/Robot/agv_sim/install/mecanum_robot/share/mecanum_robot/local_setup.bash\n'}
[1.077319] (mecanum_robot) StdoutLine: {'line': b'-- Up-to-date: /home/bd/Documents/Robot/agv_sim/install/mecanum_robot/share/mecanum_robot/local_setup.sh\n'}
[1.077454] (mecanum_robot) StdoutLine: {'line': b'-- Up-to-date: /home/bd/Documents/Robot/agv_sim/install/mecanum_robot/share/mecanum_robot/local_setup.zsh\n'}
[1.077594] (mecanum_robot) StdoutLine: {'line': b'-- Installing: /home/bd/Documents/Robot/agv_sim/install/mecanum_robot/share/mecanum_robot/local_setup.dsv\n'}
[1.077759] (mecanum_robot) StdoutLine: {'line': b'-- Installing: /home/bd/Documents/Robot/agv_sim/install/mecanum_robot/share/mecanum_robot/package.dsv\n'}
[1.077894] (mecanum_robot) StdoutLine: {'line': b'-- Up-to-date: /home/bd/Documents/Robot/agv_sim/install/mecanum_robot/share/ament_index/resource_index/packages/mecanum_robot\n'}
[1.078077] (mecanum_robot) StdoutLine: {'line': b'-- Up-to-date: /home/bd/Documents/Robot/agv_sim/install/mecanum_robot/share/mecanum_robot/cmake/mecanum_robotConfig.cmake\n'}
[1.078207] (mecanum_robot) StdoutLine: {'line': b'-- Up-to-date: /home/bd/Documents/Robot/agv_sim/install/mecanum_robot/share/mecanum_robot/cmake/mecanum_robotConfig-version.cmake\n'}
[1.078331] (mecanum_robot) StdoutLine: {'line': b'-- Up-to-date: /home/bd/Documents/Robot/agv_sim/install/mecanum_robot/share/mecanum_robot/package.xml\n'}
[1.078453] (mecanum_robot) CommandEnded: {'returncode': 0}
[1.089640] (mecanum_robot) JobEnded: {'identifier': 'mecanum_robot', 'rc': 0}
[1.090255] (-) EventReactorShutdown: {}
