[0.074s] DEBUG:colcon:Command line arguments: ['/usr/bin/colcon', 'build']
[0.074s] DEBUG:colcon:Parsed command line arguments: Namespace(log_base=None, log_level=None, verb_name='build', build_base='build', install_base='install', merge_install=False, symlink_install=False, test_result_base=None, continue_on_error=False, executor='parallel', parallel_workers=16, event_handlers=None, ignore_user_meta=False, metas=['./colcon.meta'], base_paths=['.'], packages_ignore=None, packages_ignore_regex=None, paths=None, packages_up_to=None, packages_up_to_regex=None, packages_above=None, packages_above_and_dependencies=None, packages_above_depth=None, packages_select_by_dep=None, packages_skip_by_dep=None, packages_skip_up_to=None, packages_select_build_failed=False, packages_skip_build_finished=False, packages_select_test_failures=False, packages_skip_test_passed=False, packages_select=None, packages_skip=None, packages_select_regex=None, packages_skip_regex=None, packages_start=None, packages_end=None, allow_overriding=[], cmake_args=None, cmake_target=None, cmake_target_skip_unavailable=False, cmake_clean_cache=False, cmake_clean_first=False, cmake_force_configure=False, ament_cmake_args=None, catkin_cmake_args=None, catkin_skip_building_tests=False, mixin_files=None, mixin=None, verb_parser=<colcon_mixin.mixin.mixin_argument.MixinArgumentDecorator object at 0x7b0b3c462290>, verb_extension=<colcon_core.verb.build.BuildVerb object at 0x7b0b3c461de0>, main=<bound method BuildVerb.main of <colcon_core.verb.build.BuildVerb object at 0x7b0b3c461de0>>, mixin_verb=('build',))
[0.202s] Level 1:colcon.colcon_core.package_discovery:discover_packages(colcon_meta) check parameters
[0.202s] Level 1:colcon.colcon_core.package_discovery:discover_packages(recursive) check parameters
[0.202s] Level 1:colcon.colcon_core.package_discovery:discover_packages(ignore) check parameters
[0.202s] Level 1:colcon.colcon_core.package_discovery:discover_packages(path) check parameters
[0.202s] Level 1:colcon.colcon_core.package_discovery:discover_packages(colcon_meta) discover
[0.202s] Level 1:colcon.colcon_core.package_discovery:discover_packages(recursive) discover
[0.202s] INFO:colcon.colcon_core.package_discovery:Crawling recursively for packages in '/home/bd/Documents/Robot/agv_sim'
[0.202s] Level 1:colcon.colcon_core.package_identification:_identify(.) by extensions ['ignore', 'ignore_ament_install']
[0.203s] Level 1:colcon.colcon_core.package_identification:_identify(.) by extension 'ignore'
[0.203s] Level 1:colcon.colcon_core.package_identification:_identify(.) by extension 'ignore_ament_install'
[0.203s] Level 1:colcon.colcon_core.package_identification:_identify(.) by extensions ['colcon_pkg']
[0.203s] Level 1:colcon.colcon_core.package_identification:_identify(.) by extension 'colcon_pkg'
[0.203s] Level 1:colcon.colcon_core.package_identification:_identify(.) by extensions ['colcon_meta']
[0.203s] Level 1:colcon.colcon_core.package_identification:_identify(.) by extension 'colcon_meta'
[0.203s] Level 1:colcon.colcon_core.package_identification:_identify(.) by extensions ['ros']
[0.203s] Level 1:colcon.colcon_core.package_identification:_identify(.) by extension 'ros'
[0.214s] DEBUG:colcon.colcon_core.package_identification:Package '.' with type 'ros.ament_cmake' and name 'mecanum_robot'
[0.214s] Level 1:colcon.colcon_core.package_discovery:discover_packages(recursive) using defaults
[0.214s] Level 1:colcon.colcon_core.package_discovery:discover_packages(ignore) discover
[0.214s] Level 1:colcon.colcon_core.package_discovery:discover_packages(ignore) using defaults
[0.214s] Level 1:colcon.colcon_core.package_discovery:discover_packages(path) discover
[0.214s] Level 1:colcon.colcon_core.package_discovery:discover_packages(path) using defaults
[0.236s] Level 1:colcon.colcon_core.package_discovery:discover_packages(prefix_path) check parameters
[0.236s] Level 1:colcon.colcon_core.package_discovery:discover_packages(prefix_path) discover
[0.238s] DEBUG:colcon.colcon_installed_package_information.package_discovery:Found 390 installed packages in /opt/ros/humble
[0.239s] Level 1:colcon.colcon_core.package_discovery:discover_packages(prefix_path) using defaults
[0.268s] Level 5:colcon.colcon_core.verb:set package 'mecanum_robot' build argument 'cmake_args' from command line to 'None'
[0.268s] Level 5:colcon.colcon_core.verb:set package 'mecanum_robot' build argument 'cmake_target' from command line to 'None'
[0.268s] Level 5:colcon.colcon_core.verb:set package 'mecanum_robot' build argument 'cmake_target_skip_unavailable' from command line to 'False'
[0.268s] Level 5:colcon.colcon_core.verb:set package 'mecanum_robot' build argument 'cmake_clean_cache' from command line to 'False'
[0.268s] Level 5:colcon.colcon_core.verb:set package 'mecanum_robot' build argument 'cmake_clean_first' from command line to 'False'
[0.268s] Level 5:colcon.colcon_core.verb:set package 'mecanum_robot' build argument 'cmake_force_configure' from command line to 'False'
[0.268s] Level 5:colcon.colcon_core.verb:set package 'mecanum_robot' build argument 'ament_cmake_args' from command line to 'None'
[0.268s] Level 5:colcon.colcon_core.verb:set package 'mecanum_robot' build argument 'catkin_cmake_args' from command line to 'None'
[0.268s] Level 5:colcon.colcon_core.verb:set package 'mecanum_robot' build argument 'catkin_skip_building_tests' from command line to 'False'
[0.268s] DEBUG:colcon.colcon_core.verb:Building package 'mecanum_robot' with the following arguments: {'ament_cmake_args': None, 'build_base': '/home/bd/Documents/Robot/agv_sim/build/mecanum_robot', 'catkin_cmake_args': None, 'catkin_skip_building_tests': False, 'cmake_args': None, 'cmake_clean_cache': False, 'cmake_clean_first': False, 'cmake_force_configure': False, 'cmake_target': None, 'cmake_target_skip_unavailable': False, 'install_base': '/home/bd/Documents/Robot/agv_sim/install/mecanum_robot', 'merge_install': False, 'path': '/home/bd/Documents/Robot/agv_sim', 'symlink_install': False, 'test_result_base': None}
[0.268s] INFO:colcon.colcon_core.executor:Executing jobs using 'parallel' executor
[0.269s] DEBUG:colcon.colcon_parallel_executor.executor.parallel:run_until_complete
[0.269s] INFO:colcon.colcon_ros.task.ament_cmake.build:Building ROS package in '/home/bd/Documents/Robot/agv_sim' with build type 'ament_cmake'
[0.269s] INFO:colcon.colcon_cmake.task.cmake.build:Building CMake package in '/home/bd/Documents/Robot/agv_sim'
[0.271s] INFO:colcon.colcon_core.plugin_system:Skipping extension 'colcon_core.shell.bat': Not used on non-Windows systems
[0.271s] INFO:colcon.colcon_core.shell:Skip shell extension 'powershell' for command environment: Not usable outside of PowerShell
[0.271s] DEBUG:colcon.colcon_core.shell:Skip shell extension 'dsv' for command environment
[0.277s] DEBUG:colcon.colcon_core.event_handler.log_command:Invoking command in '/home/bd/Documents/Robot/agv_sim/build/mecanum_robot': CMAKE_PREFIX_PATH=/opt/ros/humble /usr/bin/cmake --build /home/bd/Documents/Robot/agv_sim/build/mecanum_robot -- -j16 -l16
[1.300s] DEBUG:colcon.colcon_core.event_handler.log_command:Invoked command in '/home/bd/Documents/Robot/agv_sim/build/mecanum_robot' returned '0': CMAKE_PREFIX_PATH=/opt/ros/humble /usr/bin/cmake --build /home/bd/Documents/Robot/agv_sim/build/mecanum_robot -- -j16 -l16
[1.308s] DEBUG:colcon.colcon_core.event_handler.log_command:Invoking command in '/home/bd/Documents/Robot/agv_sim/build/mecanum_robot': CMAKE_PREFIX_PATH=/opt/ros/humble /usr/bin/cmake --install /home/bd/Documents/Robot/agv_sim/build/mecanum_robot
[1.343s] Level 1:colcon.colcon_core.environment:create_environment_scripts_only(mecanum_robot)
[1.346s] Level 1:colcon.colcon_core.environment:checking '/home/bd/Documents/Robot/agv_sim/install/mecanum_robot' for CMake module files
[1.347s] Level 1:colcon.colcon_core.environment:checking '/home/bd/Documents/Robot/agv_sim/install/mecanum_robot' for CMake config files
[1.348s] DEBUG:colcon.colcon_core.event_handler.log_command:Invoked command in '/home/bd/Documents/Robot/agv_sim/build/mecanum_robot' returned '0': CMAKE_PREFIX_PATH=/opt/ros/humble /usr/bin/cmake --install /home/bd/Documents/Robot/agv_sim/build/mecanum_robot
[1.348s] Level 1:colcon.colcon_core.shell:create_environment_hook('mecanum_robot', 'cmake_prefix_path')
[1.348s] INFO:colcon.colcon_core.shell:Creating environment hook '/home/bd/Documents/Robot/agv_sim/install/mecanum_robot/share/mecanum_robot/hook/cmake_prefix_path.ps1'
[1.349s] INFO:colcon.colcon_core.shell:Creating environment descriptor '/home/bd/Documents/Robot/agv_sim/install/mecanum_robot/share/mecanum_robot/hook/cmake_prefix_path.dsv'
[1.349s] INFO:colcon.colcon_core.shell:Creating environment hook '/home/bd/Documents/Robot/agv_sim/install/mecanum_robot/share/mecanum_robot/hook/cmake_prefix_path.sh'
[1.350s] Level 1:colcon.colcon_core.environment:checking '/home/bd/Documents/Robot/agv_sim/install/mecanum_robot/lib'
[1.350s] Level 1:colcon.colcon_core.environment:checking '/home/bd/Documents/Robot/agv_sim/install/mecanum_robot/bin'
[1.350s] Level 1:colcon.colcon_core.environment:checking '/home/bd/Documents/Robot/agv_sim/install/mecanum_robot/lib/pkgconfig/mecanum_robot.pc'
[1.350s] Level 1:colcon.colcon_core.environment:checking '/home/bd/Documents/Robot/agv_sim/install/mecanum_robot/lib/python3.10/site-packages'
[1.350s] Level 1:colcon.colcon_core.shell:create_environment_hook('mecanum_robot', 'pythonpath')
[1.350s] INFO:colcon.colcon_core.shell:Creating environment hook '/home/bd/Documents/Robot/agv_sim/install/mecanum_robot/share/mecanum_robot/hook/pythonpath.ps1'
[1.350s] INFO:colcon.colcon_core.shell:Creating environment descriptor '/home/bd/Documents/Robot/agv_sim/install/mecanum_robot/share/mecanum_robot/hook/pythonpath.dsv'
[1.351s] INFO:colcon.colcon_core.shell:Creating environment hook '/home/bd/Documents/Robot/agv_sim/install/mecanum_robot/share/mecanum_robot/hook/pythonpath.sh'
[1.351s] Level 1:colcon.colcon_core.environment:checking '/home/bd/Documents/Robot/agv_sim/install/mecanum_robot/bin'
[1.351s] INFO:colcon.colcon_core.shell:Creating package script '/home/bd/Documents/Robot/agv_sim/install/mecanum_robot/share/mecanum_robot/package.ps1'
[1.352s] INFO:colcon.colcon_core.shell:Creating package descriptor '/home/bd/Documents/Robot/agv_sim/install/mecanum_robot/share/mecanum_robot/package.dsv'
[1.352s] INFO:colcon.colcon_core.shell:Creating package script '/home/bd/Documents/Robot/agv_sim/install/mecanum_robot/share/mecanum_robot/package.sh'
[1.353s] INFO:colcon.colcon_core.shell:Creating package script '/home/bd/Documents/Robot/agv_sim/install/mecanum_robot/share/mecanum_robot/package.bash'
[1.353s] INFO:colcon.colcon_core.shell:Creating package script '/home/bd/Documents/Robot/agv_sim/install/mecanum_robot/share/mecanum_robot/package.zsh'
[1.353s] Level 1:colcon.colcon_core.environment:create_file_with_runtime_dependencies(/home/bd/Documents/Robot/agv_sim/install/mecanum_robot/share/colcon-core/packages/mecanum_robot)
[1.354s] Level 1:colcon.colcon_core.environment:create_environment_scripts_only(mecanum_robot)
[1.354s] Level 1:colcon.colcon_core.environment:checking '/home/bd/Documents/Robot/agv_sim/install/mecanum_robot' for CMake module files
[1.354s] Level 1:colcon.colcon_core.environment:checking '/home/bd/Documents/Robot/agv_sim/install/mecanum_robot' for CMake config files
[1.355s] Level 1:colcon.colcon_core.shell:create_environment_hook('mecanum_robot', 'cmake_prefix_path')
[1.355s] INFO:colcon.colcon_core.shell:Creating environment hook '/home/bd/Documents/Robot/agv_sim/install/mecanum_robot/share/mecanum_robot/hook/cmake_prefix_path.ps1'
[1.355s] INFO:colcon.colcon_core.shell:Creating environment descriptor '/home/bd/Documents/Robot/agv_sim/install/mecanum_robot/share/mecanum_robot/hook/cmake_prefix_path.dsv'
[1.355s] INFO:colcon.colcon_core.shell:Creating environment hook '/home/bd/Documents/Robot/agv_sim/install/mecanum_robot/share/mecanum_robot/hook/cmake_prefix_path.sh'
[1.356s] Level 1:colcon.colcon_core.environment:checking '/home/bd/Documents/Robot/agv_sim/install/mecanum_robot/lib'
[1.356s] Level 1:colcon.colcon_core.environment:checking '/home/bd/Documents/Robot/agv_sim/install/mecanum_robot/bin'
[1.356s] Level 1:colcon.colcon_core.environment:checking '/home/bd/Documents/Robot/agv_sim/install/mecanum_robot/lib/pkgconfig/mecanum_robot.pc'
[1.356s] Level 1:colcon.colcon_core.environment:checking '/home/bd/Documents/Robot/agv_sim/install/mecanum_robot/lib/python3.10/site-packages'
[1.356s] Level 1:colcon.colcon_core.shell:create_environment_hook('mecanum_robot', 'pythonpath')
[1.356s] INFO:colcon.colcon_core.shell:Creating environment hook '/home/bd/Documents/Robot/agv_sim/install/mecanum_robot/share/mecanum_robot/hook/pythonpath.ps1'
[1.356s] INFO:colcon.colcon_core.shell:Creating environment descriptor '/home/bd/Documents/Robot/agv_sim/install/mecanum_robot/share/mecanum_robot/hook/pythonpath.dsv'
[1.356s] INFO:colcon.colcon_core.shell:Creating environment hook '/home/bd/Documents/Robot/agv_sim/install/mecanum_robot/share/mecanum_robot/hook/pythonpath.sh'
[1.357s] Level 1:colcon.colcon_core.environment:checking '/home/bd/Documents/Robot/agv_sim/install/mecanum_robot/bin'
[1.357s] INFO:colcon.colcon_core.shell:Creating package script '/home/bd/Documents/Robot/agv_sim/install/mecanum_robot/share/mecanum_robot/package.ps1'
[1.357s] INFO:colcon.colcon_core.shell:Creating package descriptor '/home/bd/Documents/Robot/agv_sim/install/mecanum_robot/share/mecanum_robot/package.dsv'
[1.358s] INFO:colcon.colcon_core.shell:Creating package script '/home/bd/Documents/Robot/agv_sim/install/mecanum_robot/share/mecanum_robot/package.sh'
[1.358s] INFO:colcon.colcon_core.shell:Creating package script '/home/bd/Documents/Robot/agv_sim/install/mecanum_robot/share/mecanum_robot/package.bash'
[1.358s] INFO:colcon.colcon_core.shell:Creating package script '/home/bd/Documents/Robot/agv_sim/install/mecanum_robot/share/mecanum_robot/package.zsh'
[1.358s] Level 1:colcon.colcon_core.environment:create_file_with_runtime_dependencies(/home/bd/Documents/Robot/agv_sim/install/mecanum_robot/share/colcon-core/packages/mecanum_robot)
[1.358s] DEBUG:colcon.colcon_parallel_executor.executor.parallel:closing loop
[1.359s] DEBUG:colcon.colcon_parallel_executor.executor.parallel:loop closed
[1.359s] DEBUG:colcon.colcon_parallel_executor.executor.parallel:run_until_complete finished with '0'
[1.359s] DEBUG:colcon.colcon_core.event_reactor:joining thread
[1.367s] INFO:colcon.colcon_core.plugin_system:Skipping extension 'colcon_notification.desktop_notification.terminal_notifier': Not used on non-Darwin systems
[1.367s] INFO:colcon.colcon_core.plugin_system:Skipping extension 'colcon_notification.desktop_notification.win32': Not used on non-Windows systems
[1.367s] INFO:colcon.colcon_notification.desktop_notification:Sending desktop notification using 'notify2'
[1.395s] DEBUG:colcon.colcon_core.event_reactor:joined thread
[1.396s] INFO:colcon.colcon_core.shell:Creating prefix script '/home/bd/Documents/Robot/agv_sim/install/local_setup.ps1'
[1.398s] INFO:colcon.colcon_core.shell:Creating prefix util module '/home/bd/Documents/Robot/agv_sim/install/_local_setup_util_ps1.py'
[1.400s] INFO:colcon.colcon_core.shell:Creating prefix chain script '/home/bd/Documents/Robot/agv_sim/install/setup.ps1'
[1.402s] INFO:colcon.colcon_core.shell:Creating prefix script '/home/bd/Documents/Robot/agv_sim/install/local_setup.sh'
[1.403s] INFO:colcon.colcon_core.shell:Creating prefix util module '/home/bd/Documents/Robot/agv_sim/install/_local_setup_util_sh.py'
[1.404s] INFO:colcon.colcon_core.shell:Creating prefix chain script '/home/bd/Documents/Robot/agv_sim/install/setup.sh'
[1.406s] INFO:colcon.colcon_core.shell:Creating prefix script '/home/bd/Documents/Robot/agv_sim/install/local_setup.bash'
[1.407s] INFO:colcon.colcon_core.shell:Creating prefix chain script '/home/bd/Documents/Robot/agv_sim/install/setup.bash'
[1.408s] INFO:colcon.colcon_core.shell:Creating prefix script '/home/bd/Documents/Robot/agv_sim/install/local_setup.zsh'
[1.409s] INFO:colcon.colcon_core.shell:Creating prefix chain script '/home/bd/Documents/Robot/agv_sim/install/setup.zsh'
