Built target ament_cmake_python_copy_mecanum_robot
running egg_info
writing mecanum_robot.egg-info/PKG-INFO
writing dependency_links to mecanum_robot.egg-info/dependency_links.txt
writing top-level names to mecanum_robot.egg-info/top_level.txt
reading manifest file 'mecanum_robot.egg-info/SOURCES.txt'
writing manifest file 'mecanum_robot.egg-info/SOURCES.txt'
Built target ament_cmake_python_build_mecanum_robot_egg
-- Install configuration: ""
-- Up-to-date: /home/bd/Documents/Robot/agv_sim/install/mecanum_robot/share/mecanum_robot/environment/pythonpath.sh
-- Up-to-date: /home/bd/Documents/Robot/agv_sim/install/mecanum_robot/share/mecanum_robot/environment/pythonpath.dsv
-- Up-to-date: /home/bd/Documents/Robot/agv_sim/install/mecanum_robot/lib/python3.10/site-packages/mecanum_robot-1.0.0-py3.10.egg-info
-- Installing: /home/bd/Documents/Robot/agv_sim/install/mecanum_robot/lib/python3.10/site-packages/mecanum_robot-1.0.0-py3.10.egg-info/top_level.txt
-- Installing: /home/bd/Documents/Robot/agv_sim/install/mecanum_robot/lib/python3.10/site-packages/mecanum_robot-1.0.0-py3.10.egg-info/dependency_links.txt
-- Installing: /home/bd/Documents/Robot/agv_sim/install/mecanum_robot/lib/python3.10/site-packages/mecanum_robot-1.0.0-py3.10.egg-info/PKG-INFO
-- Installing: /home/bd/Documents/Robot/agv_sim/install/mecanum_robot/lib/python3.10/site-packages/mecanum_robot-1.0.0-py3.10.egg-info/SOURCES.txt
-- Up-to-date: /home/bd/Documents/Robot/agv_sim/install/mecanum_robot/lib/python3.10/site-packages/mecanum_robot
-- Up-to-date: /home/bd/Documents/Robot/agv_sim/install/mecanum_robot/lib/python3.10/site-packages/mecanum_robot/__init__.py
Listing '/home/bd/Documents/Robot/agv_sim/install/mecanum_robot/lib/python3.10/site-packages/mecanum_robot'...
-- Up-to-date: /home/bd/Documents/Robot/agv_sim/install/mecanum_robot/lib/mecanum_robot/robot_node.py
-- Up-to-date: /home/bd/Documents/Robot/agv_sim/install/mecanum_robot/lib/mecanum_robot/remote_control.py
-- Up-to-date: /home/bd/Documents/Robot/agv_sim/install/mecanum_robot/lib/mecanum_robot/path_publisher.py
-- Up-to-date: /home/bd/Documents/Robot/agv_sim/install/mecanum_robot/lib/mecanum_robot/camera_node_fixed.py
-- Up-to-date: /home/bd/Documents/Robot/agv_sim/install/mecanum_robot/lib/mecanum_robot/apriltag_detector_enhanced.py
-- Up-to-date: /home/bd/Documents/Robot/agv_sim/install/mecanum_robot/lib/mecanum_robot/position_calculator.py
-- Up-to-date: /home/bd/Documents/Robot/agv_sim/install/mecanum_robot/lib/mecanum_robot/image_viewer.py
-- Up-to-date: /home/bd/Documents/Robot/agv_sim/install/mecanum_robot/lib/mecanum_robot/waypoint_follower.py
-- Up-to-date: /home/bd/Documents/Robot/agv_sim/install/mecanum_robot/lib/mecanum_robot/waypoint_recorder.py
-- Up-to-date: /home/bd/Documents/Robot/agv_sim/install/mecanum_robot/lib/mecanum_robot/ros2_websocket_bridge.py
-- Up-to-date: /home/bd/Documents/Robot/agv_sim/install/mecanum_robot/share/mecanum_robot//launch
-- Up-to-date: /home/bd/Documents/Robot/agv_sim/install/mecanum_robot/share/mecanum_robot//launch/mecanum_robot_clean.launch.py
-- Up-to-date: /home/bd/Documents/Robot/agv_sim/install/mecanum_robot/share/mecanum_robot//launch/apriltag_robot.launch.py
-- Up-to-date: /home/bd/Documents/Robot/agv_sim/install/mecanum_robot/share/mecanum_robot//launch/apriltag_robot_fixed.launch.py
-- Installing: /home/bd/Documents/Robot/agv_sim/install/mecanum_robot/share/mecanum_robot//launch/nav2_with_obstacles.launch.py
-- Up-to-date: /home/bd/Documents/Robot/agv_sim/install/mecanum_robot/share/mecanum_robot//launch/simple_nav2.launch.py
-- Up-to-date: /home/bd/Documents/Robot/agv_sim/install/mecanum_robot/share/mecanum_robot//launch/mecanum_robot.launch.py
-- Up-to-date: /home/bd/Documents/Robot/agv_sim/install/mecanum_robot/share/mecanum_robot//urdf
-- Up-to-date: /home/bd/Documents/Robot/agv_sim/install/mecanum_robot/share/mecanum_robot//urdf/mecanum_robot.urdf
-- Up-to-date: /home/bd/Documents/Robot/agv_sim/install/mecanum_robot/share/mecanum_robot//rviz
-- Up-to-date: /home/bd/Documents/Robot/agv_sim/install/mecanum_robot/share/mecanum_robot//rviz/mecanum_robot.rviz
-- Up-to-date: /home/bd/Documents/Robot/agv_sim/install/mecanum_robot/share/mecanum_robot//rviz/nav2_with_obstacles.rviz
-- Up-to-date: /home/bd/Documents/Robot/agv_sim/install/mecanum_robot/share/mecanum_robot//rviz/mecanum_robot_path.rviz
-- Up-to-date: /home/bd/Documents/Robot/agv_sim/install/mecanum_robot/share/mecanum_robot//rviz/map_display.rviz
-- Up-to-date: /home/bd/Documents/Robot/agv_sim/install/mecanum_robot/share/mecanum_robot//rviz/simple_path.rviz
-- Up-to-date: /home/bd/Documents/Robot/agv_sim/install/mecanum_robot/share/mecanum_robot//config
-- Installing: /home/bd/Documents/Robot/agv_sim/install/mecanum_robot/share/mecanum_robot//config/nav2_params.yaml
-- Up-to-date: /home/bd/Documents/Robot/agv_sim/install/mecanum_robot/share/ament_index/resource_index/package_run_dependencies/mecanum_robot
-- Up-to-date: /home/bd/Documents/Robot/agv_sim/install/mecanum_robot/share/ament_index/resource_index/parent_prefix_path/mecanum_robot
-- Up-to-date: /home/bd/Documents/Robot/agv_sim/install/mecanum_robot/share/mecanum_robot/environment/ament_prefix_path.sh
-- Up-to-date: /home/bd/Documents/Robot/agv_sim/install/mecanum_robot/share/mecanum_robot/environment/ament_prefix_path.dsv
-- Up-to-date: /home/bd/Documents/Robot/agv_sim/install/mecanum_robot/share/mecanum_robot/environment/path.sh
-- Up-to-date: /home/bd/Documents/Robot/agv_sim/install/mecanum_robot/share/mecanum_robot/environment/path.dsv
-- Up-to-date: /home/bd/Documents/Robot/agv_sim/install/mecanum_robot/share/mecanum_robot/local_setup.bash
-- Up-to-date: /home/bd/Documents/Robot/agv_sim/install/mecanum_robot/share/mecanum_robot/local_setup.sh
-- Up-to-date: /home/bd/Documents/Robot/agv_sim/install/mecanum_robot/share/mecanum_robot/local_setup.zsh
-- Up-to-date: /home/bd/Documents/Robot/agv_sim/install/mecanum_robot/share/mecanum_robot/local_setup.dsv
-- Installing: /home/bd/Documents/Robot/agv_sim/install/mecanum_robot/share/mecanum_robot/package.dsv
-- Up-to-date: /home/bd/Documents/Robot/agv_sim/install/mecanum_robot/share/ament_index/resource_index/packages/mecanum_robot
-- Up-to-date: /home/bd/Documents/Robot/agv_sim/install/mecanum_robot/share/mecanum_robot/cmake/mecanum_robotConfig.cmake
-- Up-to-date: /home/bd/Documents/Robot/agv_sim/install/mecanum_robot/share/mecanum_robot/cmake/mecanum_robotConfig-version.cmake
-- Up-to-date: /home/bd/Documents/Robot/agv_sim/install/mecanum_robot/share/mecanum_robot/package.xml
