[0.000000] (-) TimerEvent: {}
[0.000099] (mecanum_robot) JobQueued: {'identifier': 'mecanum_robot', 'dependencies': OrderedDict()}
[0.000632] (mecanum_robot) JobStarted: {'identifier': 'mecanum_robot'}
[0.010424] (mecanum_robot) JobProgress: {'identifier': 'mecanum_robot', 'progress': 'cmake'}
[0.010820] (mecanum_robot) JobProgress: {'identifier': 'mecanum_robot', 'progress': 'build'}
[0.011343] (mecanum_robot) Command: {'cmd': ['/usr/bin/cmake', '--build', '/home/bd/Documents/Robot/agv_sim/build/mecanum_robot', '--', '-j16', '-l16'], 'cwd': '/home/bd/Documents/Robot/agv_sim/build/mecanum_robot', 'env': OrderedDict([('LESSOPEN', '| /usr/bin/lesspipe %s'), ('VSCODE_CWD', '/home/bd'), ('VSCODE_ESM_ENTRYPOINT', 'vs/workbench/api/node/extensionHostProcess'), ('USER', 'bd'), ('LC_TIME', 'de_DE.UTF-8'), ('VSCODE_NLS_CONFIG', '{"userLocale":"en-us","osLocale":"en-us","resolvedLanguage":"en","defaultMessagesFile":"/usr/share/cursor/resources/app/out/nls.messages.json","locale":"en-us","availableLanguages":{}}'), ('CCACHE_DIR', '/home/bd/.cache/ccache/'), ('VSCODE_HANDLES_UNCAUGHT_ERRORS', 'true'), ('XDG_SESSION_TYPE', 'x11'), ('SHLVL', '1'), ('LD_LIBRARY_PATH', '/usr/local/cuda/lib64:/usr/lib/x86_64-linux-gnu/gazebo-11/plugins:/opt/ros/humble/opt/rviz_ogre_vendor/lib:/opt/ros/humble/lib/x86_64-linux-gnu:/opt/ros/humble/lib:/usr/local/cuda/lib64:'), ('HOME', '/home/bd'), ('CHROME_DESKTOP', 'cursor.desktop'), ('OLDPWD', '/home/bd/Documents/Robot/agv_sim'), ('DESKTOP_SESSION', 'ubuntu'), ('VSCODE_IPC_HOOK', '/run/user/1000/vscode-f8418a3e-1.7.-main.sock'), ('GIO_LAUNCHED_DESKTOP_FILE', '/usr/share/applications/cursor-url-handler.desktop'), ('APPLICATION_INSIGHTS_NO_DIAGNOSTIC_CHANNEL', '1'), ('ROS_PYTHON_VERSION', '3'), ('GNOME_SHELL_SESSION_MODE', 'ubuntu'), ('GTK_MODULES', 'gail:atk-bridge'), ('LC_MONETARY', 'de_DE.UTF-8'), ('MANAGERPID', '2382'), ('DBUS_STARTER_BUS_TYPE', 'session'), ('SYSTEMD_EXEC_PID', '2772'), ('NO_COLOR', '1'), ('DBUS_SESSION_BUS_ADDRESS', 'unix:path=/run/user/1000/bus,guid=18c09f46da6a1a214e2230aa68f5e1d7'), ('GIO_LAUNCHED_DESKTOP_FILE_PID', '13672'), ('VSCODE_CRASH_REPORTER_PROCESS_TYPE', 'extensionHost'), ('MANDATORY_PATH', '/usr/share/gconf/ubuntu.mandatory.path'), ('IM_CONFIG_PHASE', '1'), ('AIRFLOW_HOME', '/media/NAS/sd_nas_01/airflow/airflow_conf'), ('VSCODE_L10N_BUNDLE_LOCATION', ''), ('ROS_DISTRO', 'humble'), ('GTK_IM_MODULE', 'ibus'), ('LOGNAME', 'bd'), ('FORCE_COLOR', '0'), ('JOURNAL_STREAM', '8:24641'), ('_', '/usr/bin/colcon'), ('ROS_VERSION', '2'), ('XDG_SESSION_CLASS', 'user'), ('DEFAULTS_PATH', '/usr/share/gconf/ubuntu.default.path'), ('APPLICATIONINSIGHTS_CONFIGURATION_CONTENT', '{}'), ('USERNAME', 'bd'), ('TERM', 'dumb'), ('GNOME_DESKTOP_SESSION_ID', 'this-is-deprecated'), ('ROS_LOCALHOST_ONLY', '0'), ('COMPOSER_NO_INTERACTION', '1'), ('WINDOWPATH', '2'), ('PATH', '/home/bd/.local/bin:/usr/local/cuda/bin:/home/bd/Documents/airflow/airflow_env/bin:/home/bd/.local/bin:/opt/ros/humble/bin:/usr/local/cuda/bin:/home/bd/Documents/airflow/airflow_env/bin:/home/bd/.local/bin:/usr/local/sbin:/usr/local/bin:/usr/sbin:/usr/bin:/sbin:/bin:/usr/games:/usr/local/games:/snap/bin:/snap/bin'), ('SESSION_MANAGER', 'local/ld10038:@/tmp/.ICE-unix/2772,unix/ld10038:/tmp/.ICE-unix/2772'), ('INVOCATION_ID', '0fb3ba1558f746a8a5909e45baa71efb'), ('XDG_MENU_PREFIX', 'gnome-'), ('LC_ADDRESS', 'de_DE.UTF-8'), ('VSCODE_PROCESS_TITLE', 'extension-host  [1-1]'), ('XDG_RUNTIME_DIR', '/run/user/1000'), ('GDK_BACKEND', 'x11'), ('CURSOR_AGENT', '1'), ('DISPLAY', ':1'), ('SWIFTLY_BIN_DIR', '/home/bd/.local/bin'), ('LANG', 'en_US.UTF-8'), ('XDG_CURRENT_DESKTOP', 'Unity'), ('LC_TELEPHONE', 'de_DE.UTF-8'), ('XMODIFIERS', '@im=ibus'), ('XDG_SESSION_DESKTOP', 'ubuntu'), ('XAUTHORITY', '/run/user/1000/gdm/Xauthority'), ('LS_COLORS', ''), ('CURSOR_TRACE_ID', '1c490876614e4f389f9f9e70c76a9ad2'), ('SSH_AGENT_LAUNCHER', 'gnome-keyring'), ('SSH_AUTH_SOCK', '/run/user/1000/keyring/ssh'), ('ROS_DOMAIN_ID', '1'), ('AMENT_PREFIX_PATH', '/opt/ros/humble'), ('SWIFTLY_HOME_DIR', '/home/bd/.local/share/swiftly'), ('ORIGINAL_XDG_CURRENT_DESKTOP', 'ubuntu:GNOME'), ('SHELL', '/bin/bash'), ('LC_NAME', 'de_DE.UTF-8'), ('VSCODE_DOTNET_INSTALL_TOOL_ORIGINAL_HOME', '/home/bd'), ('QT_ACCESSIBILITY', '1'), ('CXX', '/usr/lib/ccache/g++'), ('GDMSESSION', 'ubuntu'), ('LESSCLOSE', '/usr/bin/lesspipe %s %s'), ('LC_MEASUREMENT', 'de_DE.UTF-8'), ('GPG_AGENT_INFO', '/run/user/1000/gnupg/S.gpg-agent:0:1'), ('LC_IDENTIFICATION', 'de_DE.UTF-8'), ('QT_IM_MODULE', 'ibus'), ('PWD', '/home/bd/Documents/Robot/agv_sim/build/mecanum_robot'), ('TURTLEBOT3_MODEL', 'waffle'), ('LC_ALL', 'en_US.UTF-8'), ('XDG_CONFIG_DIRS', '/etc/xdg/xdg-ubuntu:/etc/xdg'), ('VSCODE_CODE_CACHE_PATH', '/home/bd/.config/Cursor/CachedData/34881053400013f38e2354f1479c88c9067039a0'), ('PYLON_ROOT', '/opt/pylon'), ('DBUS_STARTER_ADDRESS', 'unix:path=/run/user/1000/bus,guid=18c09f46da6a1a214e2230aa68f5e1d7'), ('XDG_DATA_DIRS', '/usr/share/ubuntu:/usr/share/gnome:/usr/local/share/:/usr/share/:/var/lib/snapd/desktop'), ('PYTHONPATH', '/opt/ros/humble/lib/python3.10/site-packages:/opt/ros/humble/local/lib/python3.10/dist-packages'), ('LC_NUMERIC', 'de_DE.UTF-8'), ('LC_PAPER', 'de_DE.UTF-8'), ('CC', '/usr/lib/ccache/gcc'), ('COLCON', '1'), ('GENICAM_GENTL64_PATH', ':/opt/pylon/lib/gentlproducer/gtl:/opt/pylon/lib/pylonCXP/bin/:/opt/pylon/lib/gentlproducer/gtl:/opt/pylon/lib/pylonCXP/bin/:/opt/pylon/lib/gentlproducer/gtl:/opt/pylon/lib/pylonCXP/bin/'), ('VSCODE_PID', '13672'), ('CMAKE_PREFIX_PATH', '/opt/ros/humble')]), 'shell': False}
[0.072067] (mecanum_robot) StdoutLine: {'line': b'-- Found ament_cmake: 1.3.11 (/opt/ros/humble/share/ament_cmake/cmake)\n'}
[0.099759] (-) TimerEvent: {}
[0.200014] (-) TimerEvent: {}
[0.202677] (mecanum_robot) StdoutLine: {'line': b'-- Found rclpy: 3.3.15 (/opt/ros/humble/share/rclpy/cmake)\n'}
[0.203112] (mecanum_robot) StdoutLine: {'line': b'-- Found geometry_msgs: 4.9.0 (/opt/ros/humble/share/geometry_msgs/cmake)\n'}
[0.233270] (mecanum_robot) StdoutLine: {'line': b'-- Found rosidl_generator_c: 3.1.6 (/opt/ros/humble/share/rosidl_generator_c/cmake)\n'}
[0.236501] (mecanum_robot) StdoutLine: {'line': b'-- Found rosidl_adapter: 3.1.6 (/opt/ros/humble/share/rosidl_adapter/cmake)\n'}
[0.245517] (mecanum_robot) StdoutLine: {'line': b'-- Found rosidl_generator_cpp: 3.1.6 (/opt/ros/humble/share/rosidl_generator_cpp/cmake)\n'}
[0.255334] (mecanum_robot) StdoutLine: {'line': b'-- Using all available rosidl_typesupport_c: rosidl_typesupport_fastrtps_c;rosidl_typesupport_introspection_c\n'}
[0.269882] (mecanum_robot) StdoutLine: {'line': b'-- Using all available rosidl_typesupport_cpp: rosidl_typesupport_fastrtps_cpp;rosidl_typesupport_introspection_cpp\n'}
[0.300168] (-) TimerEvent: {}
[0.305853] (mecanum_robot) StdoutLine: {'line': b'-- Found sensor_msgs: 4.9.0 (/opt/ros/humble/share/sensor_msgs/cmake)\n'}
[0.323411] (mecanum_robot) StdoutLine: {'line': b'-- Found nav_msgs: 4.9.0 (/opt/ros/humble/share/nav_msgs/cmake)\n'}
[0.340572] (mecanum_robot) StdoutLine: {'line': b'-- Found tf2_ros: 0.25.12 (/opt/ros/humble/share/tf2_ros/cmake)\n'}
[0.397929] (mecanum_robot) StdoutLine: {'line': b'-- Found rmw_implementation_cmake: 6.1.2 (/opt/ros/humble/share/rmw_implementation_cmake/cmake)\n'}
[0.399762] (mecanum_robot) StdoutLine: {'line': b'-- Found rmw_fastrtps_cpp: 6.2.7 (/opt/ros/humble/share/rmw_fastrtps_cpp/cmake)\n'}
[0.400222] (-) TimerEvent: {}
[0.493296] (mecanum_robot) StdoutLine: {'line': b"-- Using RMW implementation 'rmw_fastrtps_cpp' as default\n"}
[0.500377] (-) TimerEvent: {}
[0.599204] (mecanum_robot) StdoutLine: {'line': b'-- Found tf2_geometry_msgs: 0.25.12 (/opt/ros/humble/share/tf2_geometry_msgs/cmake)\n'}
[0.600457] (-) TimerEvent: {}
[0.605205] (mecanum_robot) StdoutLine: {'line': b'-- Found eigen3_cmake_module: 0.1.1 (/opt/ros/humble/share/eigen3_cmake_module/cmake)\n'}
[0.606639] (mecanum_robot) StdoutLine: {'line': b'-- Ensuring Eigen3 include directory is part of orocos-kdl CMake target\n'}
[0.676193] (mecanum_robot) StdoutLine: {'line': b'-- Found ament_lint_auto: 0.12.11 (/opt/ros/humble/share/ament_lint_auto/cmake)\n'}
[0.700605] (-) TimerEvent: {}
[0.751265] (mecanum_robot) StdoutLine: {'line': b"-- Added test 'copyright' to check source files copyright and LICENSE\n"}
[0.779982] (mecanum_robot) StdoutLine: {'line': b"-- Added test 'cppcheck' to perform static code analysis on C / C++ code\n"}
[0.780378] (mecanum_robot) StdoutLine: {'line': b'-- Configured cppcheck include dirs: \n'}
[0.780549] (mecanum_robot) StdoutLine: {'line': b'-- Configured cppcheck exclude dirs and/or files: \n'}
[0.800797] (-) TimerEvent: {}
[0.804719] (mecanum_robot) StdoutLine: {'line': b"-- Added test 'cpplint' to check C / C++ code against the Google style\n"}
[0.805054] (mecanum_robot) StdoutLine: {'line': b'-- Configured cpplint exclude dirs and/or files: \n'}
[0.808520] (mecanum_robot) StdoutLine: {'line': b"-- Added test 'flake8' to check Python code syntax and style conventions\n"}
[0.815344] (mecanum_robot) StdoutLine: {'line': b"-- Added test 'lint_cmake' to check CMake code style\n"}
[0.818794] (mecanum_robot) StdoutLine: {'line': b"-- Added test 'pep257' to check Python code against some of the docstring style conventions in PEP 257\n"}
[0.847497] (mecanum_robot) StdoutLine: {'line': b"-- Added test 'uncrustify' to check C / C++ code style\n"}
[0.847817] (mecanum_robot) StdoutLine: {'line': b'-- Configured uncrustify additional arguments: \n'}
[0.851767] (mecanum_robot) StdoutLine: {'line': b"-- Added test 'xmllint' to check XML markup files\n"}
[0.852658] (mecanum_robot) StdoutLine: {'line': b'-- Configuring done\n'}
[0.858762] (mecanum_robot) StdoutLine: {'line': b'-- Generating done\n'}
[0.862216] (mecanum_robot) StdoutLine: {'line': b'-- Build files have been written to: /home/bd/Documents/Robot/agv_sim/build/mecanum_robot\n'}
[0.900895] (-) TimerEvent: {}
[0.902817] (mecanum_robot) StdoutLine: {'line': b'Built target ament_cmake_python_copy_mecanum_robot\n'}
[1.001079] (-) TimerEvent: {}
[1.101291] (-) TimerEvent: {}
[1.201503] (-) TimerEvent: {}
[1.202049] (mecanum_robot) StdoutLine: {'line': b'running egg_info\n'}
[1.215373] (mecanum_robot) StdoutLine: {'line': b'writing mecanum_robot.egg-info/PKG-INFO\n'}
[1.215676] (mecanum_robot) StdoutLine: {'line': b'writing dependency_links to mecanum_robot.egg-info/dependency_links.txt\n'}
[1.215942] (mecanum_robot) StdoutLine: {'line': b'writing top-level names to mecanum_robot.egg-info/top_level.txt\n'}
[1.301665] (-) TimerEvent: {}
[1.316135] (mecanum_robot) StdoutLine: {'line': b"writing manifest file 'mecanum_robot.egg-info/SOURCES.txt'\n"}
[1.349633] (mecanum_robot) StdoutLine: {'line': b'Built target ament_cmake_python_build_mecanum_robot_egg\n'}
[1.358853] (mecanum_robot) CommandEnded: {'returncode': 0}
[1.359505] (mecanum_robot) JobProgress: {'identifier': 'mecanum_robot', 'progress': 'install'}
[1.368892] (mecanum_robot) Command: {'cmd': ['/usr/bin/cmake', '--install', '/home/bd/Documents/Robot/agv_sim/build/mecanum_robot'], 'cwd': '/home/bd/Documents/Robot/agv_sim/build/mecanum_robot', 'env': OrderedDict([('LESSOPEN', '| /usr/bin/lesspipe %s'), ('VSCODE_CWD', '/home/bd'), ('VSCODE_ESM_ENTRYPOINT', 'vs/workbench/api/node/extensionHostProcess'), ('USER', 'bd'), ('LC_TIME', 'de_DE.UTF-8'), ('VSCODE_NLS_CONFIG', '{"userLocale":"en-us","osLocale":"en-us","resolvedLanguage":"en","defaultMessagesFile":"/usr/share/cursor/resources/app/out/nls.messages.json","locale":"en-us","availableLanguages":{}}'), ('CCACHE_DIR', '/home/bd/.cache/ccache/'), ('VSCODE_HANDLES_UNCAUGHT_ERRORS', 'true'), ('XDG_SESSION_TYPE', 'x11'), ('SHLVL', '1'), ('LD_LIBRARY_PATH', '/usr/local/cuda/lib64:/usr/lib/x86_64-linux-gnu/gazebo-11/plugins:/opt/ros/humble/opt/rviz_ogre_vendor/lib:/opt/ros/humble/lib/x86_64-linux-gnu:/opt/ros/humble/lib:/usr/local/cuda/lib64:'), ('HOME', '/home/bd'), ('CHROME_DESKTOP', 'cursor.desktop'), ('OLDPWD', '/home/bd/Documents/Robot/agv_sim'), ('DESKTOP_SESSION', 'ubuntu'), ('VSCODE_IPC_HOOK', '/run/user/1000/vscode-f8418a3e-1.7.-main.sock'), ('GIO_LAUNCHED_DESKTOP_FILE', '/usr/share/applications/cursor-url-handler.desktop'), ('APPLICATION_INSIGHTS_NO_DIAGNOSTIC_CHANNEL', '1'), ('ROS_PYTHON_VERSION', '3'), ('GNOME_SHELL_SESSION_MODE', 'ubuntu'), ('GTK_MODULES', 'gail:atk-bridge'), ('LC_MONETARY', 'de_DE.UTF-8'), ('MANAGERPID', '2382'), ('DBUS_STARTER_BUS_TYPE', 'session'), ('SYSTEMD_EXEC_PID', '2772'), ('NO_COLOR', '1'), ('DBUS_SESSION_BUS_ADDRESS', 'unix:path=/run/user/1000/bus,guid=18c09f46da6a1a214e2230aa68f5e1d7'), ('GIO_LAUNCHED_DESKTOP_FILE_PID', '13672'), ('VSCODE_CRASH_REPORTER_PROCESS_TYPE', 'extensionHost'), ('MANDATORY_PATH', '/usr/share/gconf/ubuntu.mandatory.path'), ('IM_CONFIG_PHASE', '1'), ('AIRFLOW_HOME', '/media/NAS/sd_nas_01/airflow/airflow_conf'), ('VSCODE_L10N_BUNDLE_LOCATION', ''), ('ROS_DISTRO', 'humble'), ('GTK_IM_MODULE', 'ibus'), ('LOGNAME', 'bd'), ('FORCE_COLOR', '0'), ('JOURNAL_STREAM', '8:24641'), ('_', '/usr/bin/colcon'), ('ROS_VERSION', '2'), ('XDG_SESSION_CLASS', 'user'), ('DEFAULTS_PATH', '/usr/share/gconf/ubuntu.default.path'), ('APPLICATIONINSIGHTS_CONFIGURATION_CONTENT', '{}'), ('USERNAME', 'bd'), ('TERM', 'dumb'), ('GNOME_DESKTOP_SESSION_ID', 'this-is-deprecated'), ('ROS_LOCALHOST_ONLY', '0'), ('COMPOSER_NO_INTERACTION', '1'), ('WINDOWPATH', '2'), ('PATH', '/home/bd/.local/bin:/usr/local/cuda/bin:/home/bd/Documents/airflow/airflow_env/bin:/home/bd/.local/bin:/opt/ros/humble/bin:/usr/local/cuda/bin:/home/bd/Documents/airflow/airflow_env/bin:/home/bd/.local/bin:/usr/local/sbin:/usr/local/bin:/usr/sbin:/usr/bin:/sbin:/bin:/usr/games:/usr/local/games:/snap/bin:/snap/bin'), ('SESSION_MANAGER', 'local/ld10038:@/tmp/.ICE-unix/2772,unix/ld10038:/tmp/.ICE-unix/2772'), ('INVOCATION_ID', '0fb3ba1558f746a8a5909e45baa71efb'), ('XDG_MENU_PREFIX', 'gnome-'), ('LC_ADDRESS', 'de_DE.UTF-8'), ('VSCODE_PROCESS_TITLE', 'extension-host  [1-1]'), ('XDG_RUNTIME_DIR', '/run/user/1000'), ('GDK_BACKEND', 'x11'), ('CURSOR_AGENT', '1'), ('DISPLAY', ':1'), ('SWIFTLY_BIN_DIR', '/home/bd/.local/bin'), ('LANG', 'en_US.UTF-8'), ('XDG_CURRENT_DESKTOP', 'Unity'), ('LC_TELEPHONE', 'de_DE.UTF-8'), ('XMODIFIERS', '@im=ibus'), ('XDG_SESSION_DESKTOP', 'ubuntu'), ('XAUTHORITY', '/run/user/1000/gdm/Xauthority'), ('LS_COLORS', ''), ('CURSOR_TRACE_ID', '1c490876614e4f389f9f9e70c76a9ad2'), ('SSH_AGENT_LAUNCHER', 'gnome-keyring'), ('SSH_AUTH_SOCK', '/run/user/1000/keyring/ssh'), ('ROS_DOMAIN_ID', '1'), ('AMENT_PREFIX_PATH', '/opt/ros/humble'), ('SWIFTLY_HOME_DIR', '/home/bd/.local/share/swiftly'), ('ORIGINAL_XDG_CURRENT_DESKTOP', 'ubuntu:GNOME'), ('SHELL', '/bin/bash'), ('LC_NAME', 'de_DE.UTF-8'), ('VSCODE_DOTNET_INSTALL_TOOL_ORIGINAL_HOME', '/home/bd'), ('QT_ACCESSIBILITY', '1'), ('CXX', '/usr/lib/ccache/g++'), ('GDMSESSION', 'ubuntu'), ('LESSCLOSE', '/usr/bin/lesspipe %s %s'), ('LC_MEASUREMENT', 'de_DE.UTF-8'), ('GPG_AGENT_INFO', '/run/user/1000/gnupg/S.gpg-agent:0:1'), ('LC_IDENTIFICATION', 'de_DE.UTF-8'), ('QT_IM_MODULE', 'ibus'), ('PWD', '/home/bd/Documents/Robot/agv_sim/build/mecanum_robot'), ('TURTLEBOT3_MODEL', 'waffle'), ('LC_ALL', 'en_US.UTF-8'), ('XDG_CONFIG_DIRS', '/etc/xdg/xdg-ubuntu:/etc/xdg'), ('VSCODE_CODE_CACHE_PATH', '/home/bd/.config/Cursor/CachedData/34881053400013f38e2354f1479c88c9067039a0'), ('PYLON_ROOT', '/opt/pylon'), ('DBUS_STARTER_ADDRESS', 'unix:path=/run/user/1000/bus,guid=18c09f46da6a1a214e2230aa68f5e1d7'), ('XDG_DATA_DIRS', '/usr/share/ubuntu:/usr/share/gnome:/usr/local/share/:/usr/share/:/var/lib/snapd/desktop'), ('PYTHONPATH', '/opt/ros/humble/lib/python3.10/site-packages:/opt/ros/humble/local/lib/python3.10/dist-packages'), ('LC_NUMERIC', 'de_DE.UTF-8'), ('LC_PAPER', 'de_DE.UTF-8'), ('CC', '/usr/lib/ccache/gcc'), ('COLCON', '1'), ('GENICAM_GENTL64_PATH', ':/opt/pylon/lib/gentlproducer/gtl:/opt/pylon/lib/pylonCXP/bin/:/opt/pylon/lib/gentlproducer/gtl:/opt/pylon/lib/pylonCXP/bin/:/opt/pylon/lib/gentlproducer/gtl:/opt/pylon/lib/pylonCXP/bin/'), ('VSCODE_PID', '13672'), ('CMAKE_PREFIX_PATH', '/opt/ros/humble')]), 'shell': False}
[1.376286] (mecanum_robot) StdoutLine: {'line': b'-- Install configuration: ""\n'}
[1.376619] (mecanum_robot) StdoutLine: {'line': b'-- Up-to-date: /home/bd/Documents/Robot/agv_sim/install/mecanum_robot/share/mecanum_robot/environment/pythonpath.sh\n'}
[1.376773] (mecanum_robot) StdoutLine: {'line': b'-- Installing: /home/bd/Documents/Robot/agv_sim/install/mecanum_robot/share/mecanum_robot/environment/pythonpath.dsv\n'}
[1.376922] (mecanum_robot) StdoutLine: {'line': b'-- Up-to-date: /home/bd/Documents/Robot/agv_sim/install/mecanum_robot/lib/python3.10/site-packages/mecanum_robot-1.0.0-py3.10.egg-info\n'}
[1.377035] (mecanum_robot) StdoutLine: {'line': b'-- Installing: /home/bd/Documents/Robot/agv_sim/install/mecanum_robot/lib/python3.10/site-packages/mecanum_robot-1.0.0-py3.10.egg-info/top_level.txt\n'}
[1.377142] (mecanum_robot) StdoutLine: {'line': b'-- Installing: /home/bd/Documents/Robot/agv_sim/install/mecanum_robot/lib/python3.10/site-packages/mecanum_robot-1.0.0-py3.10.egg-info/dependency_links.txt\n'}
[1.377244] (mecanum_robot) StdoutLine: {'line': b'-- Installing: /home/bd/Documents/Robot/agv_sim/install/mecanum_robot/lib/python3.10/site-packages/mecanum_robot-1.0.0-py3.10.egg-info/PKG-INFO\n'}
[1.377344] (mecanum_robot) StdoutLine: {'line': b'-- Installing: /home/bd/Documents/Robot/agv_sim/install/mecanum_robot/lib/python3.10/site-packages/mecanum_robot-1.0.0-py3.10.egg-info/SOURCES.txt\n'}
[1.377444] (mecanum_robot) StdoutLine: {'line': b'-- Up-to-date: /home/bd/Documents/Robot/agv_sim/install/mecanum_robot/lib/python3.10/site-packages/mecanum_robot\n'}
[1.377557] (mecanum_robot) StdoutLine: {'line': b'-- Installing: /home/bd/Documents/Robot/agv_sim/install/mecanum_robot/lib/python3.10/site-packages/mecanum_robot/__init__.py\n'}
[1.401763] (-) TimerEvent: {}
[1.404187] (mecanum_robot) StdoutLine: {'line': b"Listing '/home/bd/Documents/Robot/agv_sim/install/mecanum_robot/lib/python3.10/site-packages/mecanum_robot'...\n"}
[1.404435] (mecanum_robot) StdoutLine: {'line': b"Compiling '/home/bd/Documents/Robot/agv_sim/install/mecanum_robot/lib/python3.10/site-packages/mecanum_robot/__init__.py'...\n"}
[1.408120] (mecanum_robot) StdoutLine: {'line': b'-- Installing: /home/bd/Documents/Robot/agv_sim/install/mecanum_robot/lib/mecanum_robot/robot_node.py\n'}
[1.410162] (mecanum_robot) StdoutLine: {'line': b'-- Up-to-date: /home/bd/Documents/Robot/agv_sim/install/mecanum_robot/lib/mecanum_robot/remote_control.py\n'}
[1.410309] (mecanum_robot) StdoutLine: {'line': b'-- Installing: /home/bd/Documents/Robot/agv_sim/install/mecanum_robot/lib/mecanum_robot/path_publisher.py\n'}
[1.410409] (mecanum_robot) StdoutLine: {'line': b'-- Installing: /home/bd/Documents/Robot/agv_sim/install/mecanum_robot/lib/mecanum_robot/camera_node_fixed.py\n'}
[1.410564] (mecanum_robot) StdoutLine: {'line': b'-- Installing: /home/bd/Documents/Robot/agv_sim/install/mecanum_robot/lib/mecanum_robot/apriltag_detector_enhanced.py\n'}
[1.410678] (mecanum_robot) StdoutLine: {'line': b'-- Installing: /home/bd/Documents/Robot/agv_sim/install/mecanum_robot/lib/mecanum_robot/position_calculator.py\n'}
[1.410771] (mecanum_robot) StdoutLine: {'line': b'-- Installing: /home/bd/Documents/Robot/agv_sim/install/mecanum_robot/lib/mecanum_robot/image_viewer.py\n'}
[1.410864] (mecanum_robot) StdoutLine: {'line': b'-- Up-to-date: /home/bd/Documents/Robot/agv_sim/install/mecanum_robot/lib/mecanum_robot/waypoint_follower.py\n'}
[1.410992] (mecanum_robot) StdoutLine: {'line': b'-- Up-to-date: /home/bd/Documents/Robot/agv_sim/install/mecanum_robot/lib/mecanum_robot/waypoint_recorder.py\n'}
[1.411137] (mecanum_robot) StdoutLine: {'line': b'-- Installing: /home/bd/Documents/Robot/agv_sim/install/mecanum_robot/lib/mecanum_robot/ros2_websocket_bridge.py\n'}
[1.411325] (mecanum_robot) StdoutLine: {'line': b'-- Up-to-date: /home/bd/Documents/Robot/agv_sim/install/mecanum_robot/share/mecanum_robot//launch\n'}
[1.411462] (mecanum_robot) StdoutLine: {'line': b'-- Installing: /home/bd/Documents/Robot/agv_sim/install/mecanum_robot/share/mecanum_robot//launch/mecanum_robot_clean.launch.py\n'}
[1.411594] (mecanum_robot) StdoutLine: {'line': b'-- Up-to-date: /home/bd/Documents/Robot/agv_sim/install/mecanum_robot/share/mecanum_robot//launch/apriltag_robot.launch.py\n'}
[1.411723] (mecanum_robot) StdoutLine: {'line': b'-- Installing: /home/bd/Documents/Robot/agv_sim/install/mecanum_robot/share/mecanum_robot//launch/apriltag_robot_fixed.launch.py\n'}
[1.411948] (mecanum_robot) StdoutLine: {'line': b'-- Installing: /home/bd/Documents/Robot/agv_sim/install/mecanum_robot/share/mecanum_robot//launch/nav2_with_obstacles.launch.py\n'}
[1.412778] (mecanum_robot) StdoutLine: {'line': b'-- Installing: /home/bd/Documents/Robot/agv_sim/install/mecanum_robot/share/mecanum_robot//launch/simple_nav2.launch.py\n'}
[1.413191] (mecanum_robot) StdoutLine: {'line': b'-- Installing: /home/bd/Documents/Robot/agv_sim/install/mecanum_robot/share/mecanum_robot//launch/mecanum_robot.launch.py\n'}
[1.413412] (mecanum_robot) StdoutLine: {'line': b'-- Up-to-date: /home/bd/Documents/Robot/agv_sim/install/mecanum_robot/share/mecanum_robot//urdf\n'}
[1.413549] (mecanum_robot) StdoutLine: {'line': b'-- Up-to-date: /home/bd/Documents/Robot/agv_sim/install/mecanum_robot/share/mecanum_robot//urdf/mecanum_robot.urdf\n'}
[1.413688] (mecanum_robot) StdoutLine: {'line': b'-- Up-to-date: /home/bd/Documents/Robot/agv_sim/install/mecanum_robot/share/mecanum_robot//rviz\n'}
[1.413824] (mecanum_robot) StdoutLine: {'line': b'-- Installing: /home/bd/Documents/Robot/agv_sim/install/mecanum_robot/share/mecanum_robot//rviz/mecanum_robot.rviz\n'}
[1.414038] (mecanum_robot) StdoutLine: {'line': b'-- Installing: /home/bd/Documents/Robot/agv_sim/install/mecanum_robot/share/mecanum_robot//rviz/nav2_with_obstacles.rviz\n'}
[1.414404] (mecanum_robot) StdoutLine: {'line': b'-- Installing: /home/bd/Documents/Robot/agv_sim/install/mecanum_robot/share/mecanum_robot//rviz/mecanum_robot_path.rviz\n'}
[1.414514] (mecanum_robot) StdoutLine: {'line': b'-- Installing: /home/bd/Documents/Robot/agv_sim/install/mecanum_robot/share/mecanum_robot//rviz/map_display.rviz\n'}
[1.414610] (mecanum_robot) StdoutLine: {'line': b'-- Installing: /home/bd/Documents/Robot/agv_sim/install/mecanum_robot/share/mecanum_robot//rviz/simple_path.rviz\n'}
[1.414764] (mecanum_robot) StdoutLine: {'line': b'-- Up-to-date: /home/bd/Documents/Robot/agv_sim/install/mecanum_robot/share/mecanum_robot//config\n'}
[1.414902] (mecanum_robot) StdoutLine: {'line': b'-- Installing: /home/bd/Documents/Robot/agv_sim/install/mecanum_robot/share/mecanum_robot//config/nav2_params.yaml\n'}
[1.415088] (mecanum_robot) StdoutLine: {'line': b'-- Up-to-date: /home/bd/Documents/Robot/agv_sim/install/mecanum_robot/share/ament_index/resource_index/package_run_dependencies/mecanum_robot\n'}
[1.415209] (mecanum_robot) StdoutLine: {'line': b'-- Up-to-date: /home/bd/Documents/Robot/agv_sim/install/mecanum_robot/share/ament_index/resource_index/parent_prefix_path/mecanum_robot\n'}
[1.415343] (mecanum_robot) StdoutLine: {'line': b'-- Up-to-date: /home/bd/Documents/Robot/agv_sim/install/mecanum_robot/share/mecanum_robot/environment/ament_prefix_path.sh\n'}
[1.415477] (mecanum_robot) StdoutLine: {'line': b'-- Installing: /home/bd/Documents/Robot/agv_sim/install/mecanum_robot/share/mecanum_robot/environment/ament_prefix_path.dsv\n'}
[1.415606] (mecanum_robot) StdoutLine: {'line': b'-- Up-to-date: /home/bd/Documents/Robot/agv_sim/install/mecanum_robot/share/mecanum_robot/environment/path.sh\n'}
[1.415735] (mecanum_robot) StdoutLine: {'line': b'-- Installing: /home/bd/Documents/Robot/agv_sim/install/mecanum_robot/share/mecanum_robot/environment/path.dsv\n'}
[1.415881] (mecanum_robot) StdoutLine: {'line': b'-- Up-to-date: /home/bd/Documents/Robot/agv_sim/install/mecanum_robot/share/mecanum_robot/local_setup.bash\n'}
[1.416236] (mecanum_robot) StdoutLine: {'line': b'-- Up-to-date: /home/bd/Documents/Robot/agv_sim/install/mecanum_robot/share/mecanum_robot/local_setup.sh\n'}
[1.416443] (mecanum_robot) StdoutLine: {'line': b'-- Up-to-date: /home/bd/Documents/Robot/agv_sim/install/mecanum_robot/share/mecanum_robot/local_setup.zsh\n'}
[1.416560] (mecanum_robot) StdoutLine: {'line': b'-- Installing: /home/bd/Documents/Robot/agv_sim/install/mecanum_robot/share/mecanum_robot/local_setup.dsv\n'}
[1.416599] (mecanum_robot) StdoutLine: {'line': b'-- Installing: /home/bd/Documents/Robot/agv_sim/install/mecanum_robot/share/mecanum_robot/package.dsv\n'}
[1.416634] (mecanum_robot) StdoutLine: {'line': b'-- Up-to-date: /home/bd/Documents/Robot/agv_sim/install/mecanum_robot/share/ament_index/resource_index/packages/mecanum_robot\n'}
[1.416673] (mecanum_robot) StdoutLine: {'line': b'-- Up-to-date: /home/bd/Documents/Robot/agv_sim/install/mecanum_robot/share/mecanum_robot/cmake/mecanum_robotConfig.cmake\n'}
[1.416707] (mecanum_robot) StdoutLine: {'line': b'-- Up-to-date: /home/bd/Documents/Robot/agv_sim/install/mecanum_robot/share/mecanum_robot/cmake/mecanum_robotConfig-version.cmake\n'}
[1.416741] (mecanum_robot) StdoutLine: {'line': b'-- Installing: /home/bd/Documents/Robot/agv_sim/install/mecanum_robot/share/mecanum_robot/package.xml\n'}
[1.416789] (mecanum_robot) CommandEnded: {'returncode': 0}
[1.442644] (mecanum_robot) JobEnded: {'identifier': 'mecanum_robot', 'rc': 0}
[1.443323] (-) EventReactorShutdown: {}
